     0>C:\Program Files (x86)\MSBuild\Microsoft.Cpp\v4.0\V120\Microsoft.Cpp.Platform.Redirect.10.props(23,3): warning MSB4011: "C:\Program Files (x86)\MSBuild\Microsoft.Cpp\v4.0\Platforms\PS3\Microsoft.Cpp.PS3.default.props" は 2 度インポートできません。このファイルは既に "C:\Program Files (x86)\MSBuild\Microsoft.Cpp\v4.0\V120\Microsoft.Cpp.Default.props (113,3)" でインポートされています。ビルド作成エラーである可能性があります。この再インポートは無視されます。[F:\すたんぐ専用\Source Code\NightMare source\GTAV_Native_Invoker\GTAV_Native_Invoker.vcxproj]
2017/11/27 4:53:28 にビルドを開始しました。
     1>ノード 2 上のプロジェクト "F:\すたんぐ専用\Source Code\NightMare source\GTAV_Native_Invoker\GTAV_Native_Invoker.vcxproj" (Build ターゲット)。
     1>C:\Program Files (x86)\MSBuild\Microsoft.Cpp\v4.0\Microsoft.CppBuild.targets(298,5): warning MSB8004: Intermediate Directory does not end with a trailing slash.  This build instance will add the slash as it is required to allow proper evaluation of the Intermediate Directory.
     1>C:\Program Files (x86)\MSBuild\Microsoft.Cpp\v4.0\Microsoft.CppBuild.targets(299,5): warning MSB8004: Output Directory does not end with a trailing slash.  This build instance will add the slash as it is required to allow proper evaluation of the Output Directory.
     1>ClCompile:
         prx.cpp
         ps3ppusnc.exe -D_DEBUG -D__CELL_ASSERT__ -D__PS3__ -DLIBNAME=cellPrx_NightMare -DSTUBNAME=cellPrx_NightMare_stub -o ..\prx.o -c -Xmserrors -Xdepmode=1 -MD -I. -IC:/usr/local/cell\target\ppu\include -IC:/usr/local/cell\target\common\include -I"C:/usr/local/cell\host-win32\sn\ppu\include" -g -O0 -Xc-=rtti --use_pch="..\NightMare.pch" prx.cpp
     1>SNCCL : warning 1641: PreCompiled Header definition mismatch: PCH file uses PCH header file "stdafx.h", current file uses header file <stdio.h>
         
     1>SNCCL : warning 632: the initial sequence of preprocessing directives is not compatible with those of precompiled header file "..\NightMare.pch"
         
     1>webFunctions.h(39,16): warning 178: variable "numBuf" was declared but never referenced
         
     1>Network.h(44,8): warning 1070: returning pointer to local variable
         
     1>Network.h(53,8): warning 1070: returning pointer to local variable
         
     1>Network.h(88,9): warning 1070: returning pointer to local variable
         
     1>Network.h(89,2): warning 112: statement is unreachable
         
     1>Network.h(92): warning 942: missing return statement at end of non-void function "SocketRequest"
         
     1>Network.h(105,9): warning 175: expression has no effect
         
     1>Network.h(111,10): warning 175: expression has no effect
         
     1>Network.h(111,9): warning 175: expression has no effect
         
     1>Network.h(119,10): warning 175: expression has no effect
         
     1>Network.h(119,9): warning 175: expression has no effect
         
     1>Network.h(125,10): warning 175: expression has no effect
         
     1>Network.h(125,9): warning 175: expression has no effect
         
     1>Network.h(133,8): warning 47: incompatible redefinition of macro "HTTP_POOL_SIZE" (declared at line 10 of "webFunctions.h")
         
     1>Network.h(150,9): warning 175: expression has no effect
         
     1>Network.h(157,10): warning 175: expression has no effect
         
     1>Network.h(157,9): warning 175: expression has no effect
         
     1>Network.h(164,10): warning 175: expression has no effect
         
     1>Network.h(164,9): warning 175: expression has no effect
         
     1>Network.h(170,10): warning 175: expression has no effect
         
     1>Network.h(170,9): warning 175: expression has no effect
         
     1>Network.h(176,9): warning 175: expression has no effect
         
     1>Network.h(184,10): warning 175: expression has no effect
         
     1>Network.h(184,9): warning 175: expression has no effect
         
     1>Network.h(190,10): warning 175: expression has no effect
         
     1>Network.h(190,9): warning 175: expression has no effect
         
     1>Network.h(196,10): warning 175: expression has no effect
         
     1>Network.h(196,9): warning 175: expression has no effect
         
     1>Network.h(203,10): warning 175: expression has no effect
         
     1>Network.h(203,9): warning 175: expression has no effect
         
     1>Network.h(206,9): warning 175: expression has no effect
         
     1>Network.h(206,8): warning 175: expression has no effect
         
     1>Network.h(214,11): warning 175: expression has no effect
         
     1>Network.h(214,10): warning 175: expression has no effect
         
     1>Network.h(223,11): warning 175: expression has no effect
         
     1>Network.h(223,10): warning 175: expression has no effect
         
     1>Network.h(231,8): warning 175: expression has no effect
         
     1>Network.h(232,8): warning 175: expression has no effect
         
     1>nativeCaller.h(33,8): warning 1070: returning pointer to local variable
         
     1>nativeCaller.h(42,8): warning 1070: returning pointer to local variable
         
     1>nativeCaller.h(172): warning 942: missing return statement at end of non-void function "GetPlayerIndex_Stub"
         
     1>Natives.h(4926,1): warning 942: missing return statement at end of non-void function "TOCCALLS::GET_PED_LAST_WEAPON_IMPACT_COORD"
         
     1>Natives.h(5251,95): warning 68: integer conversion resulted in a change of sign
         
     1>Natives.h(5251,117): warning 68: integer conversion resulted in a change of sign
         
     1>Natives.h(5251,128): warning 68: integer conversion resulted in a change of sign
         
     1>Natives.h(5252,1): warning 68: integer conversion resulted in a change of sign
         
     1>Natives.h(5252,23): warning 68: integer conversion resulted in a change of sign
         
     1>Natives.h(5252,55): warning 68: integer conversion resulted in a change of sign
         
     1>Natives.h(5252,76): warning 68: integer conversion resulted in a change of sign
         
     1>Natives.h(5252,98): warning 68: integer conversion resulted in a change of sign
         
     1>Natives.h(5253,1): warning 68: integer conversion resulted in a change of sign
         
     1>Natives.h(5253,12): warning 68: integer conversion resulted in a change of sign
         
     1>Dialog.h(79): warning 1634: switch statement is missing case labels
         
     1>Dialog.h(141,6): warning 178: variable "ret" was declared but never referenced
         
     1>Dialog.h(260,6): warning 178: variable "ret" was declared but never referenced
         
     1>Dialog.h(308,6): warning 552: variable "ret" was set but never used
         
     1>Functions.h(111,29): warning 1773: implicitly converting a value of type "float" to an entity of type "int" in an assignment
         
     1>Functions.h(112,30): warning 1773: implicitly converting a value of type "float" to an entity of type "int" in an assignment
         
     1>Functions.h(125,8): warning 175: expression has no effect
         
     1>Functions.h(125,7): warning 175: expression has no effect
         
     1>Functions.h(374,11): warning 551: variable "DeadPed" is used before its value is set
         
     1>Functions.h(665,8): warning 552: variable "f1" was set but never used
         
     1>Functions.h(680,8): warning 552: variable "f1" was set but never used
         
     1>Functions.h(826,17): warning 68: integer conversion resulted in a change of sign
         
     1>Functions.h(827,23): warning 68: integer conversion resulted in a change of sign
         
     1>Functions.h(828,18): warning 68: integer conversion resulted in a change of sign
         
     1>Functions.h(828,24): warning 68: integer conversion resulted in a change of sign
         
     1>Functions.h(829,17): warning 68: integer conversion resulted in a change of sign
         
     1>Functions.h(842,19): warning 68: integer conversion resulted in a change of sign
         
     1>Functions.h(843,48): warning 68: integer conversion resulted in a change of sign
         
     1>Functions.h(986,31): warning 1772: argument of type "float" is implicitly converted to parameter (1 of CREATE_MODEL_HIDE) of type "Any"
         
     1>Functions.h(986,43): warning 1772: argument of type "float" is implicitly converted to parameter (2 of CREATE_MODEL_HIDE) of type "Any"
         
     1>Functions.h(986,55): warning 1772: argument of type "float" is implicitly converted to parameter (3 of CREATE_MODEL_HIDE) of type "Any"
         
     1>Functions.h(1133,16): warning 178: variable "Rotation" was declared but never referenced
         
     1>Functions.h(1225): warning 942: missing return statement at end of non-void function "Create_Vehicle"
         
     1>Functions.h(1249): warning 942: missing return statement at end of non-void function "spawnClown"
         
     1>Functions.h(1420,30): warning 1772: argument of type "float" is implicitly converted to parameter (1 of CREATE_MODEL_HIDE) of type "Any"
         
     1>Functions.h(1420,39): warning 1772: argument of type "float" is implicitly converted to parameter (2 of CREATE_MODEL_HIDE) of type "Any"
         
     1>Functions.h(1420,48): warning 1772: argument of type "float" is implicitly converted to parameter (3 of CREATE_MODEL_HIDE) of type "Any"
         
     1>Functions.h(1469,46): warning 1772: argument of type "float" is implicitly converted to parameter (1 of GET_GAMEPLAY_CAM_ROT) of type "Any"
         
     1>Functions.h(1577): warning 942: missing return statement at end of non-void function "TASK_PLAY_ANIM_1"
         
     1>Functions.h(2271,6): warning 178: variable "buf" was declared but never referenced
         
     1>Functions.h(2848,21): warning 68: integer conversion resulted in a change of sign
         
     1>Functions.h(2848,29): warning 68: integer conversion resulted in a change of sign
         
     1>Functions.h(2849,21): warning 68: integer conversion resulted in a change of sign
         
     1>Functions.h(2855,20): warning 68: integer conversion resulted in a change of sign
         
     1>Functions.h(2856,20): warning 68: integer conversion resulted in a change of sign
         
     1>Functions.h(2967): warning 942: missing return statement at end of non-void function "doAnimation"
         
     1>prx.cpp(80,15): warning 1067: conversion from integer to smaller pointer
         
     1>prx.cpp(96,11): warning 175: expression has no effect
         
     1>prx.cpp(96,10): warning 175: expression has no effect
         
     1>prx.cpp(136): warning 942: missing return statement at end of non-void function "NativeAddress"
         
     1>prx.cpp(468,7): warning 178: variable "buf23" was declared but never referenced
         
     1>prx.cpp(478,7): warning 178: variable "buf23" was declared but never referenced
         
     1>prx.cpp(497,6): warning 178: variable "buf2" was declared but never referenced
         
     1>prx.cpp(992,37): warning 1772: argument of type "float" is implicitly converted to parameter (1 of GET_STREET_NAME_AT_COORD) of type "Any"
         
     1>prx.cpp(992,47): warning 1772: argument of type "float" is implicitly converted to parameter (2 of GET_STREET_NAME_AT_COORD) of type "Any"
         
     1>prx.cpp(992,57): warning 1772: argument of type "float" is implicitly converted to parameter (3 of GET_STREET_NAME_AT_COORD) of type "Any"
         
     1>prx.cpp(984,7): warning 178: variable "buffer" was declared but never referenced
         
     1>prx.cpp(985,7): warning 178: variable "buffer1" was declared but never referenced
         
     1>prx.cpp(1023,7): warning 178: variable "playercar" was declared but never referenced
         
     1>prx.cpp(1048,7): warning 178: variable "bbb" was declared but never referenced
         
     1>prx.cpp(1302,6): warning 237: controlling expression is constant
         
     1>prx.cpp(1360,82): warning 1772: argument of type "float" is implicitly converted to parameter (7 of CREATE_PED) of type "BOOL"
         
     1>prx.cpp(1381,70): warning 1772: argument of type "float" is implicitly converted to parameter (7 of CREATE_PED) of type "BOOL"
         
     1>prx.cpp(1401,82): warning 1772: argument of type "float" is implicitly converted to parameter (7 of CREATE_PED) of type "BOOL"
         
     1>prx.cpp(1560,10): warning 178: variable "Pos" was declared but never referenced
         
     1>prx.cpp(1700,11): warning 178: variable "Distance" was declared but never referenced
         
     1>prx.cpp(1703,13): warning 178: variable "RelativePos" was declared but never referenced
         
     1>prx.cpp(1725,12): warning 178: variable "Distance" was declared but never referenced
         
     1>prx.cpp(1728,14): warning 178: variable "RelativePos" was declared but never referenced
         
     1>prx.cpp(1765,68): warning 1772: argument of type "float" is implicitly converted to parameter (2 of START_PARTICLE_FX_LOOPED_AT_COORD) of type "Any"
         
     1>prx.cpp(1765,76): warning 1772: argument of type "float" is implicitly converted to parameter (3 of START_PARTICLE_FX_LOOPED_AT_COORD) of type "Any"
         
     1>prx.cpp(1765,84): warning 1772: argument of type "float" is implicitly converted to parameter (4 of START_PARTICLE_FX_LOOPED_AT_COORD) of type "Any"
         
     1>prx.cpp(1765,103): warning 1772: argument of type "float" is implicitly converted to parameter (8 of START_PARTICLE_FX_LOOPED_AT_COORD) of type "Any"
         
     1>prx.cpp(1769,68): warning 1772: argument of type "float" is implicitly converted to parameter (2 of START_PARTICLE_FX_LOOPED_AT_COORD) of type "Any"
         
     1>prx.cpp(1769,77): warning 1772: argument of type "float" is implicitly converted to parameter (3 of START_PARTICLE_FX_LOOPED_AT_COORD) of type "Any"
         
     1>prx.cpp(1769,86): warning 1772: argument of type "float" is implicitly converted to parameter (4 of START_PARTICLE_FX_LOOPED_AT_COORD) of type "Any"
         
     1>prx.cpp(1769,106): warning 1772: argument of type "float" is implicitly converted to parameter (8 of START_PARTICLE_FX_LOOPED_AT_COORD) of type "Any"
         
     1>prx.cpp(2132,29): warning 1772: argument of type "float" is implicitly converted to parameter (1 of CREATE_MODEL_HIDE) of type "Any"
         
     1>prx.cpp(2132,43): warning 1772: argument of type "float" is implicitly converted to parameter (2 of CREATE_MODEL_HIDE) of type "Any"
         
     1>prx.cpp(2132,57): warning 1772: argument of type "float" is implicitly converted to parameter (3 of CREATE_MODEL_HIDE) of type "Any"
         
     1>prx.cpp(2226,23): warning 1772: argument of type "float" is implicitly converted to parameter (1 of CLEAR_AREA) of type "Any"
         
     1>prx.cpp(2226,32): warning 1772: argument of type "float" is implicitly converted to parameter (2 of CLEAR_AREA) of type "Any"
         
     1>prx.cpp(2226,41): warning 1772: argument of type "float" is implicitly converted to parameter (3 of CLEAR_AREA) of type "Any"
         
     1>prx.cpp(2227,31): warning 1772: argument of type "float" is implicitly converted to parameter (1 of CLEAR_AREA_OF_COPS) of type "Any"
         
     1>prx.cpp(2227,40): warning 1772: argument of type "float" is implicitly converted to parameter (2 of CLEAR_AREA_OF_COPS) of type "Any"
         
     1>prx.cpp(2227,49): warning 1772: argument of type "float" is implicitly converted to parameter (3 of CLEAR_AREA_OF_COPS) of type "Any"
         
     1>prx.cpp(2228,34): warning 1772: argument of type "float" is implicitly converted to parameter (1 of CLEAR_AREA_OF_OBJECTS) of type "Any"
         
     1>prx.cpp(2228,43): warning 1772: argument of type "float" is implicitly converted to parameter (2 of CLEAR_AREA_OF_OBJECTS) of type "Any"
         
     1>prx.cpp(2228,52): warning 1772: argument of type "float" is implicitly converted to parameter (3 of CLEAR_AREA_OF_OBJECTS) of type "Any"
         
     1>prx.cpp(2229,35): warning 1772: argument of type "float" is implicitly converted to parameter (1 of CLEAR_AREA_OF_VEHICLES) of type "Any"
         
     1>prx.cpp(2229,44): warning 1772: argument of type "float" is implicitly converted to parameter (2 of CLEAR_AREA_OF_VEHICLES) of type "Any"
         
     1>prx.cpp(2229,53): warning 1772: argument of type "float" is implicitly converted to parameter (3 of CLEAR_AREA_OF_VEHICLES) of type "Any"
         
     1>prx.cpp(2231,38): warning 1772: argument of type "float" is implicitly converted to parameter (1 of CLEAR_AREA_OF_PROJECTILES) of type "Any"
         
     1>prx.cpp(2231,47): warning 1772: argument of type "float" is implicitly converted to parameter (2 of CLEAR_AREA_OF_PROJECTILES) of type "Any"
         
     1>prx.cpp(2231,56): warning 1772: argument of type "float" is implicitly converted to parameter (3 of CLEAR_AREA_OF_PROJECTILES) of type "Any"
         
     1>prx.cpp(2269,8): warning 178: variable "Loc" was declared but never referenced
         
     1>prx.cpp(2144,5): warning 178: variable "SINESINE" was declared but never referenced
         
     1>prx.cpp(2417,2): warning 548: transfer of control bypasses initialization of:
                     variable "Vehicle" (declared at line 2420)
         
     1>prx.cpp(2997): warning 1635: switch statement is missing case and default labels
         
     1>prx.cpp(3111,2): warning 548: transfer of control bypasses initialization of:
                     variable "playerid5" (declared at line 3115)
                     variable "playerid6" (declared at line 3116)
                     variable "playerid7" (declared at line 3117)
                     variable "playerid8" (declared at line 3118)
                     variable "playerid10" (declared at line 3119)
                     variable "playerid11" (declared at line 3120)
         
     1>prx.cpp(3194,3): warning 112: statement is unreachable
         
     1>prx.cpp(3194,161): warning 112: statement is unreachable
         
     1>prx.cpp(3195,3): warning 112: statement is unreachable
         
     1>prx.cpp(3195,159): warning 112: statement is unreachable
         
     1>prx.cpp(3251,2): warning 548: transfer of control bypasses initialization of:
                     variable "playerid3" (declared at line 3265)
         
     1>prx.cpp(2330,1): warning 548: transfer of control bypasses initialization of:
                     variable "VEHICLE" (declared at line 2448)
         
       Link:
         C:\usr\local\cell\host-win32\sn\bin\ps3ppuld32.exe -oformat=fsprx -o "..\..\SPRX Export\NightMare.sprx" -L"C:/usr/local/cell\host-win32\lib\prx\ldscripts" -s -strip-unused-data --start-group ..\printf.o ..\prx.o ..\stdafx.o C:/usr/local/cell\target\ppu\lib\libc.a C:/usr/local/cell\target\ppu\lib\libc_stub.a "C:\Program Files (x86)\SN Systems\PS3\ppu\lib\sn\libsn.a" C:/usr/local/cell\target\ppu\lib\libm.a C:/usr/local/cell\target\ppu\lib\libio_stub.a C:/usr/local/cell\target\ppu\lib\libsysutil_stub.a C:/usr/local/cell\target\ppu\lib\libsysmodule_stub.a C:/usr/local/cell\target\ppu\lib\libsyscall.a C:/usr/local/cell\target\ppu\lib\libstdc++_stub.a "C:/usr/local/cell\target\ppu\lib\fno-exceptions\libstdc++_stub.a" "C:/usr/local/cell\target\ppu\lib\fno-exceptions\fno-rtti\libstdc++_stub.a" C:/usr/local/cell\target\ppu\lib\libnet_stub.a libhttp_stub.a libhttp_util_stub.a libsn.a libm.a libio_stub.a libfs_stub.a --end-group
         GTAV_Native_Invoker.vcxproj -> F:\すたんぐ専用\Source Code\NightMare source\GTAV_Native_Invoker\..\..\SPRX Export\NightMare.sprx
         Cannot find the expected PRX Stub Library file: cellPrx_NightMare_stub.a
     1>プロジェクト "F:\すたんぐ専用\Source Code\NightMare source\GTAV_Native_Invoker\GTAV_Native_Invoker.vcxproj" (Build ターゲット) のビルドが完了しました。

ビルドに成功しました。

経過時間 00:00:06.37
