C:\USERS\CHRIS\APPDATA\LOCAL\TEMP\PS3PPULD100642\LIB.ENT.O
C:\USERS\CHRIS\APPDATA\LOCAL\TEMP\PS3PPULD100642\MENUBASE
C:\USERS\CHRIS\APPDATA\LOCAL\TEMP\PS3PPULD114162\LIB.ENT.O
C:\USERS\CHRIS\APPDATA\LOCAL\TEMP\PS3PPULD114162\MENUBASE
C:\USERS\CHRIS\APPDATA\LOCAL\TEMP\PS3PPULD125762\LIB.ENT.O
C:\USERS\CHRIS\APPDATA\LOCAL\TEMP\PS3PPULD125762\MENUBASE
C:\USERS\CHRIS\APPDATA\LOCAL\TEMP\PS3PPULD127002\LIB.ENT.O
C:\USERS\CHRIS\APPDATA\LOCAL\TEMP\PS3PPULD127002\MENUBASE
C:\USERS\CHRIS\APPDATA\LOCAL\TEMP\PS3PPULD133922\LIB.ENT.O
C:\USERS\CHRIS\APPDATA\LOCAL\TEMP\PS3PPULD133922\MENUBASE
C:\USERS\CHRIS\APPDATA\LOCAL\TEMP\PS3PPULD134802\LIB.ENT.O
C:\USERS\CHRIS\APPDATA\LOCAL\TEMP\PS3PPULD134802\MENUBASE
C:\USERS\CHRIS\APPDATA\LOCAL\TEMP\PS3PPULD136362\LIB.ENT.O
C:\USERS\CHRIS\APPDATA\LOCAL\TEMP\PS3PPULD136362\MENUBASE
C:\USERS\CHRIS\APPDATA\LOCAL\TEMP\PS3PPULD149962\LIB.ENT.O
C:\USERS\CHRIS\APPDATA\LOCAL\TEMP\PS3PPULD149962\MENUBASE
C:\USERS\CHRIS\APPDATA\LOCAL\TEMP\PS3PPULD150282\LIB.ENT.O
C:\USERS\CHRIS\APPDATA\LOCAL\TEMP\PS3PPULD150282\MENUBASE
C:\USERS\CHRIS\APPDATA\LOCAL\TEMP\PS3PPULD150722\LIB.ENT.O
C:\USERS\CHRIS\APPDATA\LOCAL\TEMP\PS3PPULD150722\MENUBASE
C:\USERS\CHRIS\APPDATA\LOCAL\TEMP\PS3PPULD154802\LIB.ENT.O
C:\USERS\CHRIS\APPDATA\LOCAL\TEMP\PS3PPULD154802\MENUBASE
C:\USERS\CHRIS\APPDATA\LOCAL\TEMP\PS3PPULD158882\LIB.ENT.O
C:\USERS\CHRIS\APPDATA\LOCAL\TEMP\PS3PPULD158882\MENUBASE
C:\USERS\CHRIS\APPDATA\LOCAL\TEMP\PS3PPULD161202\LIB.ENT.O
C:\USERS\CHRIS\APPDATA\LOCAL\TEMP\PS3PPULD161202\MENUBASE
C:\USERS\CHRIS\APPDATA\LOCAL\TEMP\PS3PPULD164762\LIB.ENT.O
C:\USERS\CHRIS\APPDATA\LOCAL\TEMP\PS3PPULD164762\MENUBASE
C:\USERS\CHRIS\APPDATA\LOCAL\TEMP\PS3PPULD175402\LIB.ENT.O
C:\USERS\CHRIS\APPDATA\LOCAL\TEMP\PS3PPULD175402\MENUBASE
C:\USERS\CHRIS\APPDATA\LOCAL\TEMP\PS3PPULD178442\LIB.ENT.O
C:\USERS\CHRIS\APPDATA\LOCAL\TEMP\PS3PPULD178442\MENUBASE
C:\USERS\CHRIS\APPDATA\LOCAL\TEMP\PS3PPULD180202\LIB.ENT.O
C:\USERS\CHRIS\APPDATA\LOCAL\TEMP\PS3PPULD180202\MENUBASE
C:\USERS\CHRIS\APPDATA\LOCAL\TEMP\PS3PPULD183042\LIB.ENT.O
C:\USERS\CHRIS\APPDATA\LOCAL\TEMP\PS3PPULD183042\MENUBASE
C:\USERS\CHRIS\APPDATA\LOCAL\TEMP\PS3PPULD194442\LIB.ENT.O
C:\USERS\CHRIS\APPDATA\LOCAL\TEMP\PS3PPULD194442\MENUBASE
C:\USERS\CHRIS\APPDATA\LOCAL\TEMP\PS3PPULD195002\LIB.ENT.O
C:\USERS\CHRIS\APPDATA\LOCAL\TEMP\PS3PPULD195002\MENUBASE
C:\USERS\CHRIS\APPDATA\LOCAL\TEMP\PS3PPULD195642\LIB.ENT.O
C:\USERS\CHRIS\APPDATA\LOCAL\TEMP\PS3PPULD195642\MENUBASE
C:\USERS\CHRIS\APPDATA\LOCAL\TEMP\PS3PPULD196522\LIB.ENT.O
C:\USERS\CHRIS\APPDATA\LOCAL\TEMP\PS3PPULD196522\MENUBASE
C:\USERS\CHRIS\APPDATA\LOCAL\TEMP\PS3PPULD204882\LIB.ENT.O
C:\USERS\CHRIS\APPDATA\LOCAL\TEMP\PS3PPULD204882\MENUBASE
C:\USERS\CHRIS\APPDATA\LOCAL\TEMP\PS3PPULD209362\LIB.ENT.O
C:\USERS\CHRIS\APPDATA\LOCAL\TEMP\PS3PPULD209362\MENUBASE
C:\USERS\CHRIS\APPDATA\LOCAL\TEMP\PS3PPULD212562\LIB.ENT.O
C:\USERS\CHRIS\APPDATA\LOCAL\TEMP\PS3PPULD212562\MENUBASE
C:\USERS\CHRIS\APPDATA\LOCAL\TEMP\PS3PPULD22602\LIB.ENT.O
C:\USERS\CHRIS\APPDATA\LOCAL\TEMP\PS3PPULD22602\MENUBASE
C:\USERS\CHRIS\APPDATA\LOCAL\TEMP\PS3PPULD26842\LIB.ENT.O
C:\USERS\CHRIS\APPDATA\LOCAL\TEMP\PS3PPULD26842\MENUBASE
C:\USERS\CHRIS\APPDATA\LOCAL\TEMP\PS3PPULD33162\LIB.ENT.O
C:\USERS\CHRIS\APPDATA\LOCAL\TEMP\PS3PPULD33162\MENUBASE
C:\USERS\CHRIS\APPDATA\LOCAL\TEMP\PS3PPULD34802\LIB.ENT.O
C:\USERS\CHRIS\APPDATA\LOCAL\TEMP\PS3PPULD34802\MENUBASE
C:\USERS\CHRIS\APPDATA\LOCAL\TEMP\PS3PPULD37962\LIB.ENT.O
C:\USERS\CHRIS\APPDATA\LOCAL\TEMP\PS3PPULD37962\MENUBASE
C:\USERS\CHRIS\APPDATA\LOCAL\TEMP\PS3PPULD42042\LIB.ENT.O
C:\USERS\CHRIS\APPDATA\LOCAL\TEMP\PS3PPULD42042\MENUBASE
C:\USERS\CHRIS\APPDATA\LOCAL\TEMP\PS3PPULD48082\LIB.ENT.O
C:\USERS\CHRIS\APPDATA\LOCAL\TEMP\PS3PPULD48082\MENUBASE
C:\USERS\CHRIS\APPDATA\LOCAL\TEMP\PS3PPULD48442\LIB.ENT.O
C:\USERS\CHRIS\APPDATA\LOCAL\TEMP\PS3PPULD48442\MENUBASE
C:\USERS\CHRIS\APPDATA\LOCAL\TEMP\PS3PPULD51322\LIB.ENT.O
C:\USERS\CHRIS\APPDATA\LOCAL\TEMP\PS3PPULD51322\MENUBASE
C:\USERS\CHRIS\APPDATA\LOCAL\TEMP\PS3PPULD54442\LIB.ENT.O
C:\USERS\CHRIS\APPDATA\LOCAL\TEMP\PS3PPULD54442\MENUBASE
C:\USERS\CHRIS\APPDATA\LOCAL\TEMP\PS3PPULD56042\LIB.ENT.O
C:\USERS\CHRIS\APPDATA\LOCAL\TEMP\PS3PPULD56042\MENUBASE
C:\USERS\CHRIS\APPDATA\LOCAL\TEMP\PS3PPULD56442\LIB.ENT.O
C:\USERS\CHRIS\APPDATA\LOCAL\TEMP\PS3PPULD56442\MENUBASE
C:\USERS\CHRIS\APPDATA\LOCAL\TEMP\PS3PPULD56482\LIB.ENT.O
C:\USERS\CHRIS\APPDATA\LOCAL\TEMP\PS3PPULD56482\MENUBASE
C:\USERS\CHRIS\APPDATA\LOCAL\TEMP\PS3PPULD5962\LIB.ENT.O
C:\USERS\CHRIS\APPDATA\LOCAL\TEMP\PS3PPULD5962\MENUBASE
C:\USERS\CHRIS\APPDATA\LOCAL\TEMP\PS3PPULD62522\LIB.ENT.O
C:\USERS\CHRIS\APPDATA\LOCAL\TEMP\PS3PPULD62522\MENUBASE
C:\USERS\CHRIS\APPDATA\LOCAL\TEMP\PS3PPULD63682\LIB.ENT.O
C:\USERS\CHRIS\APPDATA\LOCAL\TEMP\PS3PPULD63682\MENUBASE
C:\USERS\CHRIS\APPDATA\LOCAL\TEMP\PS3PPULD68562\LIB.ENT.O
C:\USERS\CHRIS\APPDATA\LOCAL\TEMP\PS3PPULD68562\MENUBASE
C:\USERS\CHRIS\APPDATA\LOCAL\TEMP\PS3PPULD72522\LIB.ENT.O
C:\USERS\CHRIS\APPDATA\LOCAL\TEMP\PS3PPULD72522\MENUBASE
C:\USERS\CHRIS\APPDATA\LOCAL\TEMP\PS3PPULD79642\LIB.ENT.O
C:\USERS\CHRIS\APPDATA\LOCAL\TEMP\PS3PPULD79642\MENUBASE
C:\USERS\CHRIS\APPDATA\LOCAL\TEMP\PS3PPULD86602\LIB.ENT.O
C:\USERS\CHRIS\APPDATA\LOCAL\TEMP\PS3PPULD86602\MENUBASE
C:\USERS\CHRIS\APPDATA\LOCAL\TEMP\PS3PPULD90202\LIB.ENT.O
C:\USERS\CHRIS\APPDATA\LOCAL\TEMP\PS3PPULD90202\MENUBASE
C:\USERS\CHRIS\APPDATA\LOCAL\TEMP\PS3PPULD91282\LIB.ENT.O
C:\USERS\CHRIS\APPDATA\LOCAL\TEMP\PS3PPULD91282\MENUBASE
C:\USERS\CHRIS\APPDATA\LOCAL\TEMP\PS3PPULD93122\LIB.ENT.O
C:\USERS\CHRIS\APPDATA\LOCAL\TEMP\PS3PPULD93122\MENUBASE
C:\USERS\CHRIS\DESKTOP\GLISTEN PACK\GTAV_NATIVE_INVOKER-MASTER\GTAV_NATIVE_INVOKER\PS3_DEBUG\MENUBASE.PCH
C:\Users\Chris\Desktop\Glisten Pack\GTAV_Native_Invoker-master\GTAV_Native_Invoker\PS3_Debug\MenuBase.write.1.tlog
C:\USERS\CHRIS\DESKTOP\GLISTEN PACK\GTAV_NATIVE_INVOKER-MASTER\GTAV_NATIVE_INVOKER\PS3_DEBUG\PRINTF.O
C:\USERS\CHRIS\DESKTOP\GLISTEN PACK\GTAV_NATIVE_INVOKER-MASTER\GTAV_NATIVE_INVOKER\PS3_DEBUG\PRX.O
C:\Users\Chris\Desktop\Glisten Pack\GTAV_Native_Invoker-master\GTAV_Native_Invoker\PS3_Debug\ps3ppuld.10060.read.1.tlog
C:\Users\Chris\Desktop\Glisten Pack\GTAV_Native_Invoker-master\GTAV_Native_Invoker\PS3_Debug\ps3ppuld.10060.write.1.tlog
C:\Users\Chris\Desktop\Glisten Pack\GTAV_Native_Invoker-master\GTAV_Native_Invoker\PS3_Debug\ps3ppuld.10172.read.1.tlog
C:\Users\Chris\Desktop\Glisten Pack\GTAV_Native_Invoker-master\GTAV_Native_Invoker\PS3_Debug\ps3ppuld.10172.write.1.tlog
C:\Users\Chris\Desktop\Glisten Pack\GTAV_Native_Invoker-master\GTAV_Native_Invoker\PS3_Debug\ps3ppuld.10876.read.1.tlog
C:\Users\Chris\Desktop\Glisten Pack\GTAV_Native_Invoker-master\GTAV_Native_Invoker\PS3_Debug\ps3ppuld.10876.write.1.tlog
C:\Users\Chris\Desktop\Glisten Pack\GTAV_Native_Invoker-master\GTAV_Native_Invoker\PS3_Debug\ps3ppuld.11124.read.1.tlog
C:\Users\Chris\Desktop\Glisten Pack\GTAV_Native_Invoker-master\GTAV_Native_Invoker\PS3_Debug\ps3ppuld.11124.write.1.tlog
C:\Users\Chris\Desktop\Glisten Pack\GTAV_Native_Invoker-master\GTAV_Native_Invoker\PS3_Debug\ps3ppuld.11944.read.1.tlog
C:\Users\Chris\Desktop\Glisten Pack\GTAV_Native_Invoker-master\GTAV_Native_Invoker\PS3_Debug\ps3ppuld.11944.write.1.tlog
C:\Users\Chris\Desktop\Glisten Pack\GTAV_Native_Invoker-master\GTAV_Native_Invoker\PS3_Debug\ps3ppuld.12260.read.1.tlog
C:\Users\Chris\Desktop\Glisten Pack\GTAV_Native_Invoker-master\GTAV_Native_Invoker\PS3_Debug\ps3ppuld.12260.write.1.tlog
C:\Users\Chris\Desktop\Glisten Pack\GTAV_Native_Invoker-master\GTAV_Native_Invoker\PS3_Debug\ps3ppuld.12700.read.1.tlog
C:\Users\Chris\Desktop\Glisten Pack\GTAV_Native_Invoker-master\GTAV_Native_Invoker\PS3_Debug\ps3ppuld.12700.write.1.tlog
C:\Users\Chris\Desktop\Glisten Pack\GTAV_Native_Invoker-master\GTAV_Native_Invoker\PS3_Debug\ps3ppuld.13284.read.1.tlog
C:\Users\Chris\Desktop\Glisten Pack\GTAV_Native_Invoker-master\GTAV_Native_Invoker\PS3_Debug\ps3ppuld.13284.write.1.tlog
C:\Users\Chris\Desktop\Glisten Pack\GTAV_Native_Invoker-master\GTAV_Native_Invoker\PS3_Debug\ps3ppuld.13560.read.1.tlog
C:\Users\Chris\Desktop\Glisten Pack\GTAV_Native_Invoker-master\GTAV_Native_Invoker\PS3_Debug\ps3ppuld.13560.write.1.tlog
C:\Users\Chris\Desktop\Glisten Pack\GTAV_Native_Invoker-master\GTAV_Native_Invoker\PS3_Debug\ps3ppuld.13632.read.1.tlog
C:\Users\Chris\Desktop\Glisten Pack\GTAV_Native_Invoker-master\GTAV_Native_Invoker\PS3_Debug\ps3ppuld.13632.write.1.tlog
C:\Users\Chris\Desktop\Glisten Pack\GTAV_Native_Invoker-master\GTAV_Native_Invoker\PS3_Debug\ps3ppuld.14112.read.1.tlog
C:\Users\Chris\Desktop\Glisten Pack\GTAV_Native_Invoker-master\GTAV_Native_Invoker\PS3_Debug\ps3ppuld.14112.write.1.tlog
C:\Users\Chris\Desktop\Glisten Pack\GTAV_Native_Invoker-master\GTAV_Native_Invoker\PS3_Debug\ps3ppuld.14248.read.1.tlog
C:\Users\Chris\Desktop\Glisten Pack\GTAV_Native_Invoker-master\GTAV_Native_Invoker\PS3_Debug\ps3ppuld.14248.write.1.tlog
C:\Users\Chris\Desktop\Glisten Pack\GTAV_Native_Invoker-master\GTAV_Native_Invoker\PS3_Debug\ps3ppuld.14948.read.1.tlog
C:\Users\Chris\Desktop\Glisten Pack\GTAV_Native_Invoker-master\GTAV_Native_Invoker\PS3_Debug\ps3ppuld.14948.write.1.tlog
C:\Users\Chris\Desktop\Glisten Pack\GTAV_Native_Invoker-master\GTAV_Native_Invoker\PS3_Debug\ps3ppuld.15224.read.1.tlog
C:\Users\Chris\Desktop\Glisten Pack\GTAV_Native_Invoker-master\GTAV_Native_Invoker\PS3_Debug\ps3ppuld.15224.write.1.tlog
C:\Users\Chris\Desktop\Glisten Pack\GTAV_Native_Invoker-master\GTAV_Native_Invoker\PS3_Debug\ps3ppuld.15356.read.1.tlog
C:\Users\Chris\Desktop\Glisten Pack\GTAV_Native_Invoker-master\GTAV_Native_Invoker\PS3_Debug\ps3ppuld.15356.write.1.tlog
C:\Users\Chris\Desktop\Glisten Pack\GTAV_Native_Invoker-master\GTAV_Native_Invoker\PS3_Debug\ps3ppuld.15412.read.1.tlog
C:\Users\Chris\Desktop\Glisten Pack\GTAV_Native_Invoker-master\GTAV_Native_Invoker\PS3_Debug\ps3ppuld.15412.write.1.tlog
C:\Users\Chris\Desktop\Glisten Pack\GTAV_Native_Invoker-master\GTAV_Native_Invoker\PS3_Debug\ps3ppuld.17024.read.1.tlog
C:\Users\Chris\Desktop\Glisten Pack\GTAV_Native_Invoker-master\GTAV_Native_Invoker\PS3_Debug\ps3ppuld.17024.write.1.tlog
C:\Users\Chris\Desktop\Glisten Pack\GTAV_Native_Invoker-master\GTAV_Native_Invoker\PS3_Debug\ps3ppuld.17356.read.1.tlog
C:\Users\Chris\Desktop\Glisten Pack\GTAV_Native_Invoker-master\GTAV_Native_Invoker\PS3_Debug\ps3ppuld.17356.write.1.tlog
C:\Users\Chris\Desktop\Glisten Pack\GTAV_Native_Invoker-master\GTAV_Native_Invoker\PS3_Debug\ps3ppuld.17372.read.1.tlog
C:\Users\Chris\Desktop\Glisten Pack\GTAV_Native_Invoker-master\GTAV_Native_Invoker\PS3_Debug\ps3ppuld.17372.write.1.tlog
C:\Users\Chris\Desktop\Glisten Pack\GTAV_Native_Invoker-master\GTAV_Native_Invoker\PS3_Debug\ps3ppuld.17700.read.1.tlog
C:\Users\Chris\Desktop\Glisten Pack\GTAV_Native_Invoker-master\GTAV_Native_Invoker\PS3_Debug\ps3ppuld.17700.write.1.tlog
C:\Users\Chris\Desktop\Glisten Pack\GTAV_Native_Invoker-master\GTAV_Native_Invoker\PS3_Debug\ps3ppuld.17764.read.1.tlog
C:\Users\Chris\Desktop\Glisten Pack\GTAV_Native_Invoker-master\GTAV_Native_Invoker\PS3_Debug\ps3ppuld.17764.write.1.tlog
C:\Users\Chris\Desktop\Glisten Pack\GTAV_Native_Invoker-master\GTAV_Native_Invoker\PS3_Debug\ps3ppuld.18172.read.1.tlog
C:\Users\Chris\Desktop\Glisten Pack\GTAV_Native_Invoker-master\GTAV_Native_Invoker\PS3_Debug\ps3ppuld.18172.write.1.tlog
C:\Users\Chris\Desktop\Glisten Pack\GTAV_Native_Invoker-master\GTAV_Native_Invoker\PS3_Debug\ps3ppuld.18296.read.1.tlog
C:\Users\Chris\Desktop\Glisten Pack\GTAV_Native_Invoker-master\GTAV_Native_Invoker\PS3_Debug\ps3ppuld.18296.write.1.tlog
C:\Users\Chris\Desktop\Glisten Pack\GTAV_Native_Invoker-master\GTAV_Native_Invoker\PS3_Debug\ps3ppuld.18636.read.1.tlog
C:\Users\Chris\Desktop\Glisten Pack\GTAV_Native_Invoker-master\GTAV_Native_Invoker\PS3_Debug\ps3ppuld.18636.write.1.tlog
C:\Users\Chris\Desktop\Glisten Pack\GTAV_Native_Invoker-master\GTAV_Native_Invoker\PS3_Debug\ps3ppuld.19304.read.1.tlog
C:\Users\Chris\Desktop\Glisten Pack\GTAV_Native_Invoker-master\GTAV_Native_Invoker\PS3_Debug\ps3ppuld.19304.write.1.tlog
C:\Users\Chris\Desktop\Glisten Pack\GTAV_Native_Invoker-master\GTAV_Native_Invoker\PS3_Debug\ps3ppuld.19604.read.1.tlog
C:\Users\Chris\Desktop\Glisten Pack\GTAV_Native_Invoker-master\GTAV_Native_Invoker\PS3_Debug\ps3ppuld.19604.write.1.tlog
C:\Users\Chris\Desktop\Glisten Pack\GTAV_Native_Invoker-master\GTAV_Native_Invoker\PS3_Debug\ps3ppuld.19756.read.1.tlog
C:\Users\Chris\Desktop\Glisten Pack\GTAV_Native_Invoker-master\GTAV_Native_Invoker\PS3_Debug\ps3ppuld.19756.write.1.tlog
C:\Users\Chris\Desktop\Glisten Pack\GTAV_Native_Invoker-master\GTAV_Native_Invoker\PS3_Debug\ps3ppuld.20376.read.1.tlog
C:\Users\Chris\Desktop\Glisten Pack\GTAV_Native_Invoker-master\GTAV_Native_Invoker\PS3_Debug\ps3ppuld.20376.write.1.tlog
C:\Users\Chris\Desktop\Glisten Pack\GTAV_Native_Invoker-master\GTAV_Native_Invoker\PS3_Debug\ps3ppuld.20384.read.1.tlog
C:\Users\Chris\Desktop\Glisten Pack\GTAV_Native_Invoker-master\GTAV_Native_Invoker\PS3_Debug\ps3ppuld.20384.write.1.tlog
C:\Users\Chris\Desktop\Glisten Pack\GTAV_Native_Invoker-master\GTAV_Native_Invoker\PS3_Debug\ps3ppuld.20640.read.1.tlog
C:\Users\Chris\Desktop\Glisten Pack\GTAV_Native_Invoker-master\GTAV_Native_Invoker\PS3_Debug\ps3ppuld.20640.write.1.tlog
C:\Users\Chris\Desktop\Glisten Pack\GTAV_Native_Invoker-master\GTAV_Native_Invoker\PS3_Debug\ps3ppuld.21292.read.1.tlog
C:\Users\Chris\Desktop\Glisten Pack\GTAV_Native_Invoker-master\GTAV_Native_Invoker\PS3_Debug\ps3ppuld.21292.write.1.tlog
C:\Users\Chris\Desktop\Glisten Pack\GTAV_Native_Invoker-master\GTAV_Native_Invoker\PS3_Debug\ps3ppuld.22384.read.1.tlog
C:\Users\Chris\Desktop\Glisten Pack\GTAV_Native_Invoker-master\GTAV_Native_Invoker\PS3_Debug\ps3ppuld.22384.write.1.tlog
C:\Users\Chris\Desktop\Glisten Pack\GTAV_Native_Invoker-master\GTAV_Native_Invoker\PS3_Debug\ps3ppuld.22448.read.1.tlog
C:\Users\Chris\Desktop\Glisten Pack\GTAV_Native_Invoker-master\GTAV_Native_Invoker\PS3_Debug\ps3ppuld.22448.write.1.tlog
C:\Users\Chris\Desktop\Glisten Pack\GTAV_Native_Invoker-master\GTAV_Native_Invoker\PS3_Debug\ps3ppuld.3940.read.1.tlog
C:\Users\Chris\Desktop\Glisten Pack\GTAV_Native_Invoker-master\GTAV_Native_Invoker\PS3_Debug\ps3ppuld.3940.write.1.tlog
C:\Users\Chris\Desktop\Glisten Pack\GTAV_Native_Invoker-master\GTAV_Native_Invoker\PS3_Debug\ps3ppuld.4180.read.1.tlog
C:\Users\Chris\Desktop\Glisten Pack\GTAV_Native_Invoker-master\GTAV_Native_Invoker\PS3_Debug\ps3ppuld.4180.write.1.tlog
C:\Users\Chris\Desktop\Glisten Pack\GTAV_Native_Invoker-master\GTAV_Native_Invoker\PS3_Debug\ps3ppuld.4240.read.1.tlog
C:\Users\Chris\Desktop\Glisten Pack\GTAV_Native_Invoker-master\GTAV_Native_Invoker\PS3_Debug\ps3ppuld.4240.write.1.tlog
C:\Users\Chris\Desktop\Glisten Pack\GTAV_Native_Invoker-master\GTAV_Native_Invoker\PS3_Debug\ps3ppuld.4488.read.1.tlog
C:\Users\Chris\Desktop\Glisten Pack\GTAV_Native_Invoker-master\GTAV_Native_Invoker\PS3_Debug\ps3ppuld.4488.write.1.tlog
C:\Users\Chris\Desktop\Glisten Pack\GTAV_Native_Invoker-master\GTAV_Native_Invoker\PS3_Debug\ps3ppuld.4932.read.1.tlog
C:\Users\Chris\Desktop\Glisten Pack\GTAV_Native_Invoker-master\GTAV_Native_Invoker\PS3_Debug\ps3ppuld.4932.write.1.tlog
C:\Users\Chris\Desktop\Glisten Pack\GTAV_Native_Invoker-master\GTAV_Native_Invoker\PS3_Debug\ps3ppuld.5124.read.1.tlog
C:\Users\Chris\Desktop\Glisten Pack\GTAV_Native_Invoker-master\GTAV_Native_Invoker\PS3_Debug\ps3ppuld.5124.write.1.tlog
C:\Users\Chris\Desktop\Glisten Pack\GTAV_Native_Invoker-master\GTAV_Native_Invoker\PS3_Debug\ps3ppuld.5220.read.1.tlog
C:\Users\Chris\Desktop\Glisten Pack\GTAV_Native_Invoker-master\GTAV_Native_Invoker\PS3_Debug\ps3ppuld.5220.write.1.tlog
C:\Users\Chris\Desktop\Glisten Pack\GTAV_Native_Invoker-master\GTAV_Native_Invoker\PS3_Debug\ps3ppuld.532.read.1.tlog
C:\Users\Chris\Desktop\Glisten Pack\GTAV_Native_Invoker-master\GTAV_Native_Invoker\PS3_Debug\ps3ppuld.532.write.1.tlog
C:\Users\Chris\Desktop\Glisten Pack\GTAV_Native_Invoker-master\GTAV_Native_Invoker\PS3_Debug\ps3ppuld.5680.read.1.tlog
C:\Users\Chris\Desktop\Glisten Pack\GTAV_Native_Invoker-master\GTAV_Native_Invoker\PS3_Debug\ps3ppuld.5680.write.1.tlog
C:\Users\Chris\Desktop\Glisten Pack\GTAV_Native_Invoker-master\GTAV_Native_Invoker\PS3_Debug\ps3ppuld.6208.read.1.tlog
C:\Users\Chris\Desktop\Glisten Pack\GTAV_Native_Invoker-master\GTAV_Native_Invoker\PS3_Debug\ps3ppuld.6208.write.1.tlog
C:\Users\Chris\Desktop\Glisten Pack\GTAV_Native_Invoker-master\GTAV_Native_Invoker\PS3_Debug\ps3ppuld.6780.read.1.tlog
C:\Users\Chris\Desktop\Glisten Pack\GTAV_Native_Invoker-master\GTAV_Native_Invoker\PS3_Debug\ps3ppuld.6780.write.1.tlog
C:\Users\Chris\Desktop\Glisten Pack\GTAV_Native_Invoker-master\GTAV_Native_Invoker\PS3_Debug\ps3ppuld.6820.read.1.tlog
C:\Users\Chris\Desktop\Glisten Pack\GTAV_Native_Invoker-master\GTAV_Native_Invoker\PS3_Debug\ps3ppuld.6820.write.1.tlog
C:\Users\Chris\Desktop\Glisten Pack\GTAV_Native_Invoker-master\GTAV_Native_Invoker\PS3_Debug\ps3ppuld.7220.read.1.tlog
C:\Users\Chris\Desktop\Glisten Pack\GTAV_Native_Invoker-master\GTAV_Native_Invoker\PS3_Debug\ps3ppuld.7220.write.1.tlog
C:\Users\Chris\Desktop\Glisten Pack\GTAV_Native_Invoker-master\GTAV_Native_Invoker\PS3_Debug\ps3ppuld.7420.read.1.tlog
C:\Users\Chris\Desktop\Glisten Pack\GTAV_Native_Invoker-master\GTAV_Native_Invoker\PS3_Debug\ps3ppuld.7420.write.1.tlog
C:\Users\Chris\Desktop\Glisten Pack\GTAV_Native_Invoker-master\GTAV_Native_Invoker\PS3_Debug\ps3ppuld.7872.read.1.tlog
C:\Users\Chris\Desktop\Glisten Pack\GTAV_Native_Invoker-master\GTAV_Native_Invoker\PS3_Debug\ps3ppuld.7872.write.1.tlog
C:\Users\Chris\Desktop\Glisten Pack\GTAV_Native_Invoker-master\GTAV_Native_Invoker\PS3_Debug\ps3ppuld.7980.read.1.tlog
C:\Users\Chris\Desktop\Glisten Pack\GTAV_Native_Invoker-master\GTAV_Native_Invoker\PS3_Debug\ps3ppuld.7980.write.1.tlog
C:\Users\Chris\Desktop\Glisten Pack\GTAV_Native_Invoker-master\GTAV_Native_Invoker\PS3_Debug\ps3ppuld.8936.read.1.tlog
C:\Users\Chris\Desktop\Glisten Pack\GTAV_Native_Invoker-master\GTAV_Native_Invoker\PS3_Debug\ps3ppuld.8936.write.1.tlog
C:\Users\Chris\Desktop\Glisten Pack\GTAV_Native_Invoker-master\GTAV_Native_Invoker\PS3_Debug\ps3ppuld.command.1.tlog
C:\Users\Chris\Desktop\Glisten Pack\GTAV_Native_Invoker-master\GTAV_Native_Invoker\PS3_Debug\ps3ppuld.read.1.tlog
C:\Users\Chris\Desktop\Glisten Pack\GTAV_Native_Invoker-master\GTAV_Native_Invoker\PS3_Debug\ps3ppuld.write.1.tlog
C:\Users\Chris\Desktop\Glisten Pack\GTAV_Native_Invoker-master\GTAV_Native_Invoker\PS3_Debug\ps3ppuld-make_fself.read.1.tlog
C:\Users\Chris\Desktop\Glisten Pack\GTAV_Native_Invoker-master\GTAV_Native_Invoker\PS3_Debug\ps3ppuld-make_fself.write.1.tlog
C:\Users\Chris\Desktop\Glisten Pack\GTAV_Native_Invoker-master\GTAV_Native_Invoker\PS3_Debug\ps3ppuld-ppu-lv2-as.read.1.tlog
C:\Users\Chris\Desktop\Glisten Pack\GTAV_Native_Invoker-master\GTAV_Native_Invoker\PS3_Debug\ps3ppuld-ppu-lv2-as.write.1.tlog
C:\Users\Chris\Desktop\Glisten Pack\GTAV_Native_Invoker-master\GTAV_Native_Invoker\PS3_Debug\ps3ppuld-ppu-lv2-prx-fixup.read.1.tlog
C:\Users\Chris\Desktop\Glisten Pack\GTAV_Native_Invoker-master\GTAV_Native_Invoker\PS3_Debug\ps3ppuld-ppu-lv2-prx-fixup.write.1.tlog
C:\Users\Chris\Desktop\Glisten Pack\GTAV_Native_Invoker-master\GTAV_Native_Invoker\PS3_Debug\ps3ppuld-ppu-lv2-prx-libgen.read.1.tlog
C:\Users\Chris\Desktop\Glisten Pack\GTAV_Native_Invoker-master\GTAV_Native_Invoker\PS3_Debug\ps3ppusnc.command.1.tlog
C:\Users\Chris\Desktop\Glisten Pack\GTAV_Native_Invoker-master\GTAV_Native_Invoker\PS3_Debug\ps3ppusnc.read.1.tlog
C:\Users\Chris\Desktop\Glisten Pack\GTAV_Native_Invoker-master\GTAV_Native_Invoker\PS3_Debug\ps3ppusnc.write.1.tlog
C:\USERS\CHRIS\DESKTOP\GLISTEN PACK\GTAV_NATIVE_INVOKER-MASTER\GTAV_NATIVE_INVOKER\PS3_DEBUG\STDAFX.O
C:\Users\Chris\Desktop\Glisten Pack\GTAV_Native_Invoker-master\PS3_Debug\cellPrx_MenuBase_stub.a
C:\USERS\CHRIS\DESKTOP\GLISTEN PACK\GTAV_NATIVE_INVOKER-MASTER\PS3_DEBUG\MENUBASE.SPRX
